<?xml version="1.0" encoding="UTF-8"?>
<testsuite xmlns:xsi="http://www.w3.org/2001/XMLSchema-instance" xsi:noNamespaceSchemaLocation="https://maven.apache.org/surefire/maven-surefire-plugin/xsd/surefire-test-report.xsd" version="3.0.2" name="org.example.recipes.LoginControllerTest" time="1.376" tests="10" errors="0" skipped="0" failures="2">
  <properties>
[...]
</properties>
  <testcase name="showRegisterPage_shouldReturnRegisterView" classname="org.example.recipes.LoginControllerTest" time="0.397">
    <system-out><![CDATA[2025-05-17T15:26:08.056+07:00  INFO 22724 --- [           main] .b.t.c.SpringBootTestContextBootstrapper : Found @SpringBootConfiguration org.example.recipes.RecipeSharingWebsiteApplication for test class org.example.recipes.LoginControllerTest
2025-05-17T15:26:08.072+07:00  INFO 22724 --- [           main] o.s.b.d.r.RestartApplicationListener     : Restart disabled due to context in which it is running

  .   ____          _            __ _ _
 /\\ / ___'_ __ _ _(_)_ __  __ _ \ \ \ \
( ( )\___ | '_ | '_| | '_ \/ _` | \ \ \ \
 \\/  ___)| |_)| | | | | || (_| |  ) ) ) )
  '  |____| .__|_| |_|_| |_\__, | / / / /
 =========|_|==============|___/=/_/_/_/

 :: Spring Boot ::                (v3.4.5)

2025-05-17T15:26:08.106+07:00  INFO 22724 --- [           main] o.example.recipes.LoginControllerTest    : Starting LoginControllerTest using Java 21.0.7 with PID 22724 (started by DELL in D:\RecipeSharingWebsite)
2025-05-17T15:26:08.106+07:00  INFO 22724 --- [           main] o.example.recipes.LoginControllerTest    : No active profile set, falling back to 1 default profile: "default"
2025-05-17T15:26:08.389+07:00  INFO 22724 --- [           main] o.s.b.a.w.s.WelcomePageHandlerMapping    : Adding welcome page template: index
2025-05-17T15:26:08.546+07:00  INFO 22724 --- [           main] r$InitializeUserDetailsManagerConfigurer : Global AuthenticationManager configured with UserDetailsService bean with name inMemoryUserDetailsManager
2025-05-17T15:26:08.673+07:00  INFO 22724 --- [           main] o.s.b.t.m.w.SpringBootMockServletContext : Initializing Spring TestDispatcherServlet ''
2025-05-17T15:26:08.673+07:00  INFO 22724 --- [           main] o.s.t.web.servlet.TestDispatcherServlet  : Initializing Servlet ''
2025-05-17T15:26:08.673+07:00  INFO 22724 --- [           main] o.s.t.web.servlet.TestDispatcherServlet  : Completed initialization in 0 ms
2025-05-17T15:26:08.815+07:00  INFO 22724 --- [           main] o.example.recipes.LoginControllerTest    : Started LoginControllerTest in 0.743 seconds (process running for 7.017)
]]></system-out>
  </testcase>
  <testcase name="registerPageContainsLinkToLogin" classname="org.example.recipes.LoginControllerTest" time="0.031"/>
  <testcase name="whenInvalidCredentials_thenShowLoginWithError" classname="org.example.recipes.LoginControllerTest" time="0.063"/>
  <testcase name="whenCorrectCredentials_thenRedirectToHome" classname="org.example.recipes.LoginControllerTest" time="0.0"/>
  <testcase name="whenLoginServiceThrowsException_thenStatus500" classname="org.example.recipes.LoginControllerTest" time="0.015"/>
  <testcase name="whenRegisterServiceThrowsUnexpectedException_thenStatus500" classname="org.example.recipes.LoginControllerTest" time="0.016"/>
  <testcase name="whenValidRegistration_thenRedirectToLoginWithFlag" classname="org.example.recipes.LoginControllerTest" time="0.0"/>
  <testcase name="showLoginPage_shouldReturnLoginView" classname="org.example.recipes.LoginControllerTest" time="0.015">
    <failure message="View name expected:&lt;auth/login&gt; but was:&lt;home/recipes&gt;" type="java.lang.AssertionError"><![CDATA[java.lang.AssertionError: View name expected:<auth/login> but was:<home/recipes>
	at org.springframework.test.util.AssertionErrors.fail(AssertionErrors.java:61)
	at org.springframework.test.util.AssertionErrors.assertEquals(AssertionErrors.java:128)
	at org.springframework.test.web.servlet.result.ViewResultMatchers.lambda$name$1(ViewResultMatchers.java:69)
	at org.springframework.test.web.servlet.MockMvc$1.andExpect(MockMvc.java:214)
	at org.example.recipes.LoginControllerTest.showLoginPage_shouldReturnLoginView(LoginControllerTest.java:76)
	at java.base/java.lang.reflect.Method.invoke(Method.java:580)
	at java.base/java.util.ArrayList.forEach(ArrayList.java:1596)
	at java.base/java.util.ArrayList.forEach(ArrayList.java:1596)
]]></failure>
    <system-out><![CDATA[
MockHttpServletRequest:
      HTTP Method = GET
      Request URI = /auth/login
       Parameters = {}
          Headers = []
             Body = <no character encoding set>
    Session Attrs = {}

Handler:
             Type = org.example.recipes.login.LoginController
           Method = org.example.recipes.login.LoginController#showLoginPage(String, Model)

Async:
    Async started = false
     Async result = null

Resolved Exception:
             Type = null

ModelAndView:
        View name = home/recipes
             View = null
        Attribute = loginForm
            value = org.example.recipes.login.Login@629e9bbe
           errors = []

FlashMap:
       Attributes = null

MockHttpServletResponse:
           Status = 200
    Error message = null
          Headers = [Content-Language:"en", Content-Type:"text/html;charset=UTF-8"]
     Content type = text/html;charset=UTF-8
             Body = <!doctype html>
<html lang="en">
<head>
    <meta charset="UTF-8">
    <meta name="viewport" content="width=device-width, initial-scale=1">
    <title>Recipe Sharing</title>
    <link rel="stylesheet" href="/css/recipe.css">

</head>
<body>
<div class="navigation-bar">
    <input type="text" id="searchInput" placeholder="Search" class="search-input">
    <div class="menu">
        <div id="home" class="text-wrapper">Home</div>
        <div id="rank" class="text-wrapper">Rank</div>
        <div id="popular" class="text-wrapper">Popular</div>
    </div>
    <div class="avatar-set">
        <img class="shape" id="avatar" src="/image/avatar.png" />
        <img class="list" id="list" src="/image/list.png" />
    </div>
</div>
<div class="recipe-header">
    <div class="recipe-title">Sườn xào chua ngọt</div>

    <div class="recipe-meta">
        <div class="author-info">
            <img src="/image/avatar.png" >
            <div class="author-name">Author’s name</div>
        </div>

        <div class="post-date">26th4, 2025</div>

        <div class="save-box">
            <img src="/image/Bookmark.png">
            <div class="save-count">Save 9</div>
        </div>

        <div class="rating-box">
            <img src="/image/Star.png">
            <div class="rating-count">4.5</div>
        </div>
    </div>
</div>

<div class="recipe-caption">
    Hôm nay cùng mình làm món sườn xào chua ngọt vô cùng ngon và cực kỳ đơn giản nhé &lt;333
</div>

<div class="box-ingredients">
    <p style="font-size: 23px; font-weight: 500; font-family: 'Roboto', sans-serif; color: black;">
    Ingredients
    </p>

    <p class="ingredients">
        500g sườn non<br>
        1 củ hành tây, rau mùi, ớt<br>
        Bột năng<br>
        Hành tím, tỏi<br>
        1 trái chanh<br>
        Một ít bột năng hoặc bột bắp<br>
        Gia vị: giấm (để rửa thịt), muối, nước mắm, đường, hạt nêm, nước tương, dầu hào, tiêu
    </p>
</div>


<div class="star-rating">
    <div class="star" data-value="1"></div>
    <div class="star" data-value="2"></div>
    <div class="star" data-value="3"></div>
    <div class="star" data-value="4"></div>
    <div class="star" data-value="5"></div>
</div>
<p>Bạn đã chấm: <span id="rating-result">0</span> sao</p>

<script>
    const stars = document.querySelectorAll('.star');
    const result = document.getElementById('rating-result');
    let selectedRating = 0;

    stars.forEach(star => {
        star.addEventListener('mouseenter', () => {
            const value = +star.dataset.value;
            highlightStars(value);
        });

        star.addEventListener('mouseleave', () => {
            highlightStars(selectedRating);
        });

        star.addEventListener('click', () => {
            selectedRating = +star.dataset.value;
            result.textContent = selectedRating;
            highlightStars(selectedRating);
        });
    });

    function highlightStars(count) {
        stars.forEach(star => {
            const val = +star.dataset.value;
            star.classList.toggle('hover', val <= count);
            star.classList.toggle('selected', val <= count);
        });
    }
</script>
</body>
</html>
    Forwarded URL = null
   Redirected URL = null
          Cookies = []
]]></system-out>
  </testcase>
  <testcase name="loginPageContainsLinkToRegister" classname="org.example.recipes.LoginControllerTest" time="0.016">
    <failure message="Response content&#10;Expected: a string containing &quot;href=\&quot;/auth/register\&quot;&quot;&#10;     but: was &quot;&lt;!doctype html&gt;&#10;&lt;html lang=&quot;en&quot;&gt;&#10;&lt;head&gt;&#10;    &lt;meta charset=&quot;UTF-8&quot;&gt;&#10;    &lt;meta name=&quot;viewport&quot; content=&quot;width=device-width, initial-scale=1&quot;&gt;&#10;    &lt;title&gt;Recipe Sharing&lt;/title&gt;&#10;    &lt;link rel=&quot;stylesheet&quot; href=&quot;/css/recipe.css&quot;&gt;&#10;&#10;&lt;/head&gt;&#10;&lt;body&gt;&#10;&lt;div class=&quot;navigation-bar&quot;&gt;&#10;    &lt;input type=&quot;text&quot; id=&quot;searchInput&quot; placeholder=&quot;Search&quot; class=&quot;search-input&quot;&gt;&#10;    &lt;div class=&quot;menu&quot;&gt;&#10;        &lt;div id=&quot;home&quot; class=&quot;text-wrapper&quot;&gt;Home&lt;/div&gt;&#10;        &lt;div id=&quot;rank&quot; class=&quot;text-wrapper&quot;&gt;Rank&lt;/div&gt;&#10;        &lt;div id=&quot;popular&quot; class=&quot;text-wrapper&quot;&gt;Popular&lt;/div&gt;&#10;    &lt;/div&gt;&#10;    &lt;div class=&quot;avatar-set&quot;&gt;&#10;        &lt;img class=&quot;shape&quot; id=&quot;avatar&quot; src=&quot;/image/avatar.png&quot; /&gt;&#10;        &lt;img class=&quot;list&quot; id=&quot;list&quot; src=&quot;/image/list.png&quot; /&gt;&#10;    &lt;/div&gt;&#10;&lt;/div&gt;&#10;&lt;div class=&quot;recipe-header&quot;&gt;&#10;    &lt;div class=&quot;recipe-title&quot;&gt;Sườn xào chua ngọt&lt;/div&gt;&#10;&#10;    &lt;div class=&quot;recipe-meta&quot;&gt;&#10;        &lt;div class=&quot;author-info&quot;&gt;&#10;            &lt;img src=&quot;/image/avatar.png&quot; &gt;&#10;            &lt;div class=&quot;author-name&quot;&gt;Author’s name&lt;/div&gt;&#10;        &lt;/div&gt;&#10;&#10;        &lt;div class=&quot;post-date&quot;&gt;26th4, 2025&lt;/div&gt;&#10;&#10;        &lt;div class=&quot;save-box&quot;&gt;&#10;            &lt;img src=&quot;/image/Bookmark.png&quot;&gt;&#10;            &lt;div class=&quot;save-count&quot;&gt;Save 9&lt;/div&gt;&#10;        &lt;/div&gt;&#10;&#10;        &lt;div class=&quot;rating-box&quot;&gt;&#10;            &lt;img src=&quot;/image/Star.png&quot;&gt;&#10;            &lt;div class=&quot;rating-count&quot;&gt;4.5&lt;/div&gt;&#10;        &lt;/div&gt;&#10;    &lt;/div&gt;&#10;&lt;/div&gt;&#10;&#10;&lt;div class=&quot;recipe-caption&quot;&gt;&#10;    Hôm nay cùng mình làm món sườn xào chua ngọt vô cùng ngon và cực kỳ đơn giản nhé &amp;lt;333&#10;&lt;/div&gt;&#10;&#10;&lt;div class=&quot;box-ingredients&quot;&gt;&#10;    &lt;p style=&quot;font-size: 23px; font-weight: 500; font-family: &apos;Roboto&apos;, sans-serif; color: black;&quot;&gt;&#10;    Ingredients&#10;    &lt;/p&gt;&#10;&#10;    &lt;p class=&quot;ingredients&quot;&gt;&#10;        500g sườn non&lt;br&gt;&#10;        1 củ hành tây, rau mùi, ớt&lt;br&gt;&#10;        Bột năng&lt;br&gt;&#10;        Hành tím, tỏi&lt;br&gt;&#10;        1 trái chanh&lt;br&gt;&#10;        Một ít bột năng hoặc bột bắp&lt;br&gt;&#10;        Gia vị: giấm (để rửa thịt), muối, nước mắm, đường, hạt nêm, nước tương, dầu hào, tiêu&#10;    &lt;/p&gt;&#10;&lt;/div&gt;&#10;&#10;&#10;&lt;div class=&quot;star-rating&quot;&gt;&#10;    &lt;div class=&quot;star&quot; data-value=&quot;1&quot;&gt;&lt;/div&gt;&#10;    &lt;div class=&quot;star&quot; data-value=&quot;2&quot;&gt;&lt;/div&gt;&#10;    &lt;div class=&quot;star&quot; data-value=&quot;3&quot;&gt;&lt;/div&gt;&#10;    &lt;div class=&quot;star&quot; data-value=&quot;4&quot;&gt;&lt;/div&gt;&#10;    &lt;div class=&quot;star&quot; data-value=&quot;5&quot;&gt;&lt;/div&gt;&#10;&lt;/div&gt;&#10;&lt;p&gt;Bạn đã chấm: &lt;span id=&quot;rating-result&quot;&gt;0&lt;/span&gt; sao&lt;/p&gt;&#10;&#10;&lt;script&gt;&#10;    const stars = document.querySelectorAll(&apos;.star&apos;);&#10;    const result = document.getElementById(&apos;rating-result&apos;);&#10;    let selectedRating = 0;&#10;&#10;    stars.forEach(star =&gt; {&#10;        star.addEventListener(&apos;mouseenter&apos;, () =&gt; {&#10;            const value = +star.dataset.value;&#10;            highlightStars(value);&#10;        });&#10;&#10;        star.addEventListener(&apos;mouseleave&apos;, () =&gt; {&#10;            highlightStars(selectedRating);&#10;        });&#10;&#10;        star.addEventListener(&apos;click&apos;, () =&gt; {&#10;            selectedRating = +star.dataset.value;&#10;            result.textContent = selectedRating;&#10;            highlightStars(selectedRating);&#10;        });&#10;    });&#10;&#10;    function highlightStars(count) {&#10;        stars.forEach(star =&gt; {&#10;            const val = +star.dataset.value;&#10;            star.classList.toggle(&apos;hover&apos;, val &lt;= count);&#10;            star.classList.toggle(&apos;selected&apos;, val &lt;= count);&#10;        });&#10;    }&#10;&lt;/script&gt;&#10;&lt;/body&gt;&#10;&lt;/html&gt;&quot;" type="java.lang.AssertionError"><![CDATA[java.lang.AssertionError: 
Response content
Expected: a string containing "href=\"/auth/register\""
     but: was "<!doctype html>
<html lang="en">
<head>
    <meta charset="UTF-8">
    <meta name="viewport" content="width=device-width, initial-scale=1">
    <title>Recipe Sharing</title>
    <link rel="stylesheet" href="/css/recipe.css">

</head>
<body>
<div class="navigation-bar">
    <input type="text" id="searchInput" placeholder="Search" class="search-input">
    <div class="menu">
        <div id="home" class="text-wrapper">Home</div>
        <div id="rank" class="text-wrapper">Rank</div>
        <div id="popular" class="text-wrapper">Popular</div>
    </div>
    <div class="avatar-set">
        <img class="shape" id="avatar" src="/image/avatar.png" />
        <img class="list" id="list" src="/image/list.png" />
    </div>
</div>
<div class="recipe-header">
    <div class="recipe-title">Sườn xào chua ngọt</div>

    <div class="recipe-meta">
        <div class="author-info">
            <img src="/image/avatar.png" >
            <div class="author-name">Author’s name</div>
        </div>

        <div class="post-date">26th4, 2025</div>

        <div class="save-box">
            <img src="/image/Bookmark.png">
            <div class="save-count">Save 9</div>
        </div>

        <div class="rating-box">
            <img src="/image/Star.png">
            <div class="rating-count">4.5</div>
        </div>
    </div>
</div>

<div class="recipe-caption">
    Hôm nay cùng mình làm món sườn xào chua ngọt vô cùng ngon và cực kỳ đơn giản nhé &lt;333
</div>

<div class="box-ingredients">
    <p style="font-size: 23px; font-weight: 500; font-family: 'Roboto', sans-serif; color: black;">
    Ingredients
    </p>

    <p class="ingredients">
        500g sườn non<br>
        1 củ hành tây, rau mùi, ớt<br>
        Bột năng<br>
        Hành tím, tỏi<br>
        1 trái chanh<br>
        Một ít bột năng hoặc bột bắp<br>
        Gia vị: giấm (để rửa thịt), muối, nước mắm, đường, hạt nêm, nước tương, dầu hào, tiêu
    </p>
</div>


<div class="star-rating">
    <div class="star" data-value="1"></div>
    <div class="star" data-value="2"></div>
    <div class="star" data-value="3"></div>
    <div class="star" data-value="4"></div>
    <div class="star" data-value="5"></div>
</div>
<p>Bạn đã chấm: <span id="rating-result">0</span> sao</p>

<script>
    const stars = document.querySelectorAll('.star');
    const result = document.getElementById('rating-result');
    let selectedRating = 0;

    stars.forEach(star => {
        star.addEventListener('mouseenter', () => {
            const value = +star.dataset.value;
            highlightStars(value);
        });

        star.addEventListener('mouseleave', () => {
            highlightStars(selectedRating);
        });

        star.addEventListener('click', () => {
            selectedRating = +star.dataset.value;
            result.textContent = selectedRating;
            highlightStars(selectedRating);
        });
    });

    function highlightStars(count) {
        stars.forEach(star => {
            const val = +star.dataset.value;
            star.classList.toggle('hover', val <= count);
            star.classList.toggle('selected', val <= count);
        });
    }
</script>
</body>
</html>"
	at org.hamcrest.MatcherAssert.assertThat(MatcherAssert.java:20)
	at org.springframework.test.web.servlet.result.ContentResultMatchers.lambda$string$3(ContentResultMatchers.java:141)
	at org.springframework.test.web.servlet.MockMvc$1.andExpect(MockMvc.java:214)
	at org.example.recipes.LoginControllerTest.loginPageContainsLinkToRegister(LoginControllerTest.java:62)
	at java.base/java.lang.reflect.Method.invoke(Method.java:580)
	at java.base/java.util.ArrayList.forEach(ArrayList.java:1596)
	at java.base/java.util.ArrayList.forEach(ArrayList.java:1596)
]]></failure>
    <system-out><![CDATA[
MockHttpServletRequest:
      HTTP Method = GET
      Request URI = /auth/login
       Parameters = {}
          Headers = []
             Body = <no character encoding set>
    Session Attrs = {}

Handler:
             Type = org.example.recipes.login.LoginController
           Method = org.example.recipes.login.LoginController#showLoginPage(String, Model)

Async:
    Async started = false
     Async result = null

Resolved Exception:
             Type = null

ModelAndView:
        View name = home/recipes
             View = null
        Attribute = loginForm
            value = org.example.recipes.login.Login@3e010e07
           errors = []

FlashMap:
       Attributes = null

MockHttpServletResponse:
           Status = 200
    Error message = null
          Headers = [Content-Language:"en", Content-Type:"text/html;charset=UTF-8"]
     Content type = text/html;charset=UTF-8
             Body = <!doctype html>
<html lang="en">
<head>
    <meta charset="UTF-8">
    <meta name="viewport" content="width=device-width, initial-scale=1">
    <title>Recipe Sharing</title>
    <link rel="stylesheet" href="/css/recipe.css">

</head>
<body>
<div class="navigation-bar">
    <input type="text" id="searchInput" placeholder="Search" class="search-input">
    <div class="menu">
        <div id="home" class="text-wrapper">Home</div>
        <div id="rank" class="text-wrapper">Rank</div>
        <div id="popular" class="text-wrapper">Popular</div>
    </div>
    <div class="avatar-set">
        <img class="shape" id="avatar" src="/image/avatar.png" />
        <img class="list" id="list" src="/image/list.png" />
    </div>
</div>
<div class="recipe-header">
    <div class="recipe-title">Sườn xào chua ngọt</div>

    <div class="recipe-meta">
        <div class="author-info">
            <img src="/image/avatar.png" >
            <div class="author-name">Author’s name</div>
        </div>

        <div class="post-date">26th4, 2025</div>

        <div class="save-box">
            <img src="/image/Bookmark.png">
            <div class="save-count">Save 9</div>
        </div>

        <div class="rating-box">
            <img src="/image/Star.png">
            <div class="rating-count">4.5</div>
        </div>
    </div>
</div>

<div class="recipe-caption">
    Hôm nay cùng mình làm món sườn xào chua ngọt vô cùng ngon và cực kỳ đơn giản nhé &lt;333
</div>

<div class="box-ingredients">
    <p style="font-size: 23px; font-weight: 500; font-family: 'Roboto', sans-serif; color: black;">
    Ingredients
    </p>

    <p class="ingredients">
        500g sườn non<br>
        1 củ hành tây, rau mùi, ớt<br>
        Bột năng<br>
        Hành tím, tỏi<br>
        1 trái chanh<br>
        Một ít bột năng hoặc bột bắp<br>
        Gia vị: giấm (để rửa thịt), muối, nước mắm, đường, hạt nêm, nước tương, dầu hào, tiêu
    </p>
</div>


<div class="star-rating">
    <div class="star" data-value="1"></div>
    <div class="star" data-value="2"></div>
    <div class="star" data-value="3"></div>
    <div class="star" data-value="4"></div>
    <div class="star" data-value="5"></div>
</div>
<p>Bạn đã chấm: <span id="rating-result">0</span> sao</p>

<script>
    const stars = document.querySelectorAll('.star');
    const result = document.getElementById('rating-result');
    let selectedRating = 0;

    stars.forEach(star => {
        star.addEventListener('mouseenter', () => {
            const value = +star.dataset.value;
            highlightStars(value);
        });

        star.addEventListener('mouseleave', () => {
            highlightStars(selectedRating);
        });

        star.addEventListener('click', () => {
            selectedRating = +star.dataset.value;
            result.textContent = selectedRating;
            highlightStars(selectedRating);
        });
    });

    function highlightStars(count) {
        stars.forEach(star => {
            const val = +star.dataset.value;
            star.classList.toggle('hover', val <= count);
            star.classList.toggle('selected', val <= count);
        });
    }
</script>
</body>
</html>
    Forwarded URL = null
   Redirected URL = null
          Cookies = []
]]></system-out>
  </testcase>
  <testcase name="whenUsernameExists_thenShowRegisterWithError" classname="org.example.recipes.LoginControllerTest" time="0.016"/>
</testsuite>